<?xml version="1.0" encoding="UTF-8"?>
<!-- Generated by org.testng.reporters.JUnitXMLReporter -->
<testsuite ignored="0" hostname="Nilesh-Rajendra-Behares-MacBook-Pro.local" failures="3" tests="4" name="Test" time="12.396" errors="0" timestamp="2022-08-17T15:04:35 IST">
  <testcase classname="amazon_Project.TestNg_Test" name="BrowserLaunch" time="12.381"/>
  <testcase classname="amazon_Project.TestNg_Test" name="AmazonLogin" time="0.0">
    <failure type="org.testng.TestNGException" message="
Cannot inject @Test annotated Method [AmazonLogin] with [interface org.openqa.selenium.WebDriver].
For more information on native dependency injection please refer to https://testng.org/doc/documentation-main.html#native-dependency-injection">
      <![CDATA[org.testng.TestNGException: 
Cannot inject @Test annotated Method [AmazonLogin] with [interface org.openqa.selenium.WebDriver].
For more information on native dependency injection please refer to https://testng.org/doc/documentation-main.html#native-dependency-injection
at java.base/java.util.ArrayList.forEach(ArrayList.java:1511)
... Removed 26 stack frames]]>
    </failure>
  </testcase> <!-- AmazonLogin -->
  <testcase classname="amazon_Project.TestNg_Test" name="BrowserLaunch" time="0.0">
    <failure type="org.testng.TestNGException" message="
Cannot inject @Test annotated Method [BrowserLaunch] with [interface org.openqa.selenium.WebDriver].
For more information on native dependency injection please refer to https://testng.org/doc/documentation-main.html#native-dependency-injection">
      <![CDATA[org.testng.TestNGException: 
Cannot inject @Test annotated Method [BrowserLaunch] with [interface org.openqa.selenium.WebDriver].
For more information on native dependency injection please refer to https://testng.org/doc/documentation-main.html#native-dependency-injection
at java.base/java.util.ArrayList.forEach(ArrayList.java:1511)
... Removed 26 stack frames]]>
    </failure>
  </testcase> <!-- BrowserLaunch -->
  <testcase classname="amazon_Project.TestNg_Test" name="BrowserClose" time="0.0">
    <failure type="org.testng.TestNGException" message="
Cannot inject @Test annotated Method [BrowserClose] with [interface org.openqa.selenium.WebDriver].
For more information on native dependency injection please refer to https://testng.org/doc/documentation-main.html#native-dependency-injection">
      <![CDATA[org.testng.TestNGException: 
Cannot inject @Test annotated Method [BrowserClose] with [interface org.openqa.selenium.WebDriver].
For more information on native dependency injection please refer to https://testng.org/doc/documentation-main.html#native-dependency-injection
at java.base/java.util.ArrayList.forEach(ArrayList.java:1511)
... Removed 26 stack frames]]>
    </failure>
  </testcase> <!-- BrowserClose -->
</testsuite> <!-- Test -->
